19:05:24.771 INFO - Selenium build info: version: '3.9.1', revision: '63f7b50'
19:05:24.771 INFO - Launching a standalone Selenium Server on port 4444
2018-11-24 19:05:24.864:INFO::main: Logging initialized @328ms to org.seleniumhq.jetty9.util.log.StdErrLog
2018-11-24 19:05:24.974:INFO:osjs.Server:main: jetty-9.4.7.v20170914, build timestamp: 2017-11-21T13:27:37-08:00, git hash: 82b8fb23f757335bb3329d540ce37a2a2615f0a8
2018-11-24 19:05:25.022:WARN:osjs.SecurityHandler:main: ServletContext@o.s.j.s.ServletContextHandler@4b4523f8{/,null,STARTING} has uncovered http methods for path: /
2018-11-24 19:05:25.028:INFO:osjsh.ContextHandler:main: Started o.s.j.s.ServletContextHandler@4b4523f8{/,null,AVAILABLE}
2018-11-24 19:05:25.181:INFO:osjs.AbstractConnector:main: Started ServerConnector@6acdbdf5{HTTP/1.1,[http/1.1]}{0.0.0.0:4444}
2018-11-24 19:05:25.181:INFO:osjs.Server:main: Started @642ms
19:05:25.181 INFO - Selenium Server is up and running on port 4444
2018-11-24 19:05:25.525:INFO:osjshC.ROOT:qtp1528637575-17: org.openqa.selenium.remote.server.WebDriverServlet-5b275dab: Initialising WebDriverServlet
19:05:25.556 INFO - Found handler: org.openqa.selenium.remote.server.commandhandler.BeginSession@13a253f3
19:05:25.556 INFO - /session: Executing POST on /session (handler: BeginSession)
19:05:25.634 INFO - Capabilities are: Capabilities {acceptSslCerts: true, browserName: chrome, chromeOptions: {args: [disable-web-security, ignore-certificate-errors, --test-type]}, name: Artsy Jewels\testcases\login}
19:05:25.634 INFO - Capabilities {acceptSslCerts: true, browserName: chrome, chromeOptions: {args: [disable-web-security, ignore-certificate-errors, --test-type]}, name: Artsy Jewels\testcases\login} matched class org.openqa.selenium.remote.server.ServicedSession$Factory (provider: org.openqa.selenium.chrome.ChromeDriverService)
Starting ChromeDriver 2.43.600210 (68dcf5eebde37173d4027fa8635e332711d2874a) on port 18672
Only local connections are allowed.
19:05:28.179 INFO - Detected dialect: OSS
19:05:28.496 INFO - Found handler: org.openqa.selenium.remote.server.ServicedSession@441ffefc
19:05:28.496 INFO - Handler thread for session e18eeb286252628025cf58af819913a7 (chrome): Executing POST on /session/e18eeb286252628025cf58af819913a7/window/undefined/maximize (handler: ServicedSession)
19:05:28.496 INFO - To upstream: 
19:05:29.648 INFO - To downstream: {"sessionId":"e18eeb286252628025cf58af819913a7","status":0,"value":{"height":974,"width":1514,"x":-7,"y":-7}}
19:05:29.654 INFO - Found handler: org.openqa.selenium.remote.server.ServicedSession@441ffefc
19:05:29.655 INFO - Handler thread for session e18eeb286252628025cf58af819913a7 (chrome): Executing POST on /session/e18eeb286252628025cf58af819913a7/url (handler: ServicedSession)
19:05:29.657 INFO - To upstream: {"url":"https://www.artsyjewels.com/account/login"}
19:05:33.007 INFO - To downstream: {"sessionId":"e18eeb286252628025cf58af819913a7","status":0,"value":null}
19:05:33.014 INFO - Found handler: org.openqa.selenium.remote.server.ServicedSession@441ffefc
19:05:33.014 INFO - Handler thread for session e18eeb286252628025cf58af819913a7 (chrome): Executing POST on /session/e18eeb286252628025cf58af819913a7/elements (handler: ServicedSession)
19:05:33.016 INFO - To upstream: {"using":"css selector","value":"body"}
19:05:33.061 INFO - To downstream: {"sessionId":"e18eeb286252628025cf58af819913a7","status":0,"value":[{"ELEMENT":"0.07185171489390885-1"}]}
19:05:33.065 INFO - Found handler: org.openqa.selenium.remote.server.ServicedSession@441ffefc
19:05:33.065 INFO - Handler thread for session e18eeb286252628025cf58af819913a7 (chrome): Executing GET on /session/e18eeb286252628025cf58af819913a7/element/0.07185171489390885-1/displayed (handler: ServicedSession)
19:05:33.084 INFO - To downstream: {"sessionId":"e18eeb286252628025cf58af819913a7","status":0,"value":true}
19:05:33.102 INFO - Found handler: org.openqa.selenium.remote.server.ServicedSession@441ffefc
19:05:33.102 INFO - Handler thread for session e18eeb286252628025cf58af819913a7 (chrome): Executing POST on /session/e18eeb286252628025cf58af819913a7/elements (handler: ServicedSession)
19:05:33.104 INFO - To upstream: {"using":"css selector","value":"#CustomerEmail"}
19:05:33.392 INFO - To downstream: {"sessionId":"e18eeb286252628025cf58af819913a7","status":0,"value":[{"ELEMENT":"0.07185171489390885-2"}]}
19:05:33.395 INFO - Found handler: org.openqa.selenium.remote.server.ServicedSession@441ffefc
19:05:33.396 INFO - Handler thread for session e18eeb286252628025cf58af819913a7 (chrome): Executing GET on /session/e18eeb286252628025cf58af819913a7/element/0.07185171489390885-2/displayed (handler: ServicedSession)
19:05:33.658 INFO - To downstream: {"sessionId":"e18eeb286252628025cf58af819913a7","status":0,"value":true}
19:05:33.665 INFO - Found handler: org.openqa.selenium.remote.server.ServicedSession@441ffefc
19:05:33.665 INFO - Handler thread for session e18eeb286252628025cf58af819913a7 (chrome): Executing POST on /session/e18eeb286252628025cf58af819913a7/element (handler: ServicedSession)
19:05:33.667 INFO - To upstream: {"using":"css selector","value":"#CustomerEmail"}
19:05:33.766 INFO - To downstream: {"sessionId":"e18eeb286252628025cf58af819913a7","status":0,"value":{"ELEMENT":"0.07185171489390885-2"}}
19:05:33.770 INFO - Found handler: org.openqa.selenium.remote.server.ServicedSession@441ffefc
19:05:33.770 INFO - Handler thread for session e18eeb286252628025cf58af819913a7 (chrome): Executing POST on /session/e18eeb286252628025cf58af819913a7/element/0.07185171489390885-2/value (handler: ServicedSession)
19:05:33.771 INFO - To upstream: {"value":["s","o","l","r","a","c","i","a","s","@","g","m","a","i","l",".","c","o","m"]}
19:05:34.321 INFO - To downstream: {"sessionId":"e18eeb286252628025cf58af819913a7","status":0,"value":null}
19:05:34.324 INFO - Found handler: org.openqa.selenium.remote.server.ServicedSession@441ffefc
19:05:34.324 INFO - Handler thread for session e18eeb286252628025cf58af819913a7 (chrome): Executing POST on /session/e18eeb286252628025cf58af819913a7/elements (handler: ServicedSession)
19:05:34.325 INFO - To upstream: {"using":"css selector","value":"#CustomerPassword"}
19:05:34.347 INFO - To downstream: {"sessionId":"e18eeb286252628025cf58af819913a7","status":0,"value":[{"ELEMENT":"0.07185171489390885-3"}]}
19:05:34.351 INFO - Found handler: org.openqa.selenium.remote.server.ServicedSession@441ffefc
19:05:34.352 INFO - Handler thread for session e18eeb286252628025cf58af819913a7 (chrome): Executing GET on /session/e18eeb286252628025cf58af819913a7/element/0.07185171489390885-3/displayed (handler: ServicedSession)
19:05:34.424 INFO - To downstream: {"sessionId":"e18eeb286252628025cf58af819913a7","status":0,"value":true}
19:05:34.428 INFO - Found handler: org.openqa.selenium.remote.server.ServicedSession@441ffefc
19:05:34.428 INFO - Handler thread for session e18eeb286252628025cf58af819913a7 (chrome): Executing POST on /session/e18eeb286252628025cf58af819913a7/element (handler: ServicedSession)
19:05:34.429 INFO - To upstream: {"using":"css selector","value":"#CustomerPassword"}
19:05:34.443 INFO - To downstream: {"sessionId":"e18eeb286252628025cf58af819913a7","status":0,"value":{"ELEMENT":"0.07185171489390885-3"}}
19:05:34.445 INFO - Found handler: org.openqa.selenium.remote.server.ServicedSession@441ffefc
19:05:34.445 INFO - Handler thread for session e18eeb286252628025cf58af819913a7 (chrome): Executing POST on /session/e18eeb286252628025cf58af819913a7/element/0.07185171489390885-3/value (handler: ServicedSession)
19:05:34.447 INFO - To upstream: {"value":["p","a","s","s","1","2","3"]}
19:05:34.643 INFO - To downstream: {"sessionId":"e18eeb286252628025cf58af819913a7","status":0,"value":null}
19:05:34.649 INFO - Found handler: org.openqa.selenium.remote.server.ServicedSession@441ffefc
19:05:34.649 INFO - Handler thread for session e18eeb286252628025cf58af819913a7 (chrome): Executing POST on /session/e18eeb286252628025cf58af819913a7/elements (handler: ServicedSession)
19:05:34.651 INFO - To upstream: {"using":"css selector","value":"[value=\"Sign In\"]"}
19:05:34.665 INFO - To downstream: {"sessionId":"e18eeb286252628025cf58af819913a7","status":0,"value":[{"ELEMENT":"0.07185171489390885-4"}]}
19:05:34.668 INFO - Found handler: org.openqa.selenium.remote.server.ServicedSession@441ffefc
19:05:34.668 INFO - Handler thread for session e18eeb286252628025cf58af819913a7 (chrome): Executing GET on /session/e18eeb286252628025cf58af819913a7/element/0.07185171489390885-4/displayed (handler: ServicedSession)
19:05:34.681 INFO - To downstream: {"sessionId":"e18eeb286252628025cf58af819913a7","status":0,"value":true}
19:05:34.684 INFO - Found handler: org.openqa.selenium.remote.server.ServicedSession@441ffefc
19:05:34.685 INFO - Handler thread for session e18eeb286252628025cf58af819913a7 (chrome): Executing POST on /session/e18eeb286252628025cf58af819913a7/element (handler: ServicedSession)
19:05:34.686 INFO - To upstream: {"using":"css selector","value":"[value=\"Sign In\"]"}
19:05:34.699 INFO - To downstream: {"sessionId":"e18eeb286252628025cf58af819913a7","status":0,"value":{"ELEMENT":"0.07185171489390885-4"}}
19:05:34.702 INFO - Found handler: org.openqa.selenium.remote.server.ServicedSession@441ffefc
19:05:34.702 INFO - Handler thread for session e18eeb286252628025cf58af819913a7 (chrome): Executing POST on /session/e18eeb286252628025cf58af819913a7/element/0.07185171489390885-4/click (handler: ServicedSession)
19:05:34.703 INFO - To upstream: 
19:05:37.020 INFO - To downstream: {"sessionId":"e18eeb286252628025cf58af819913a7","status":0,"value":null}
19:05:37.027 INFO - Found handler: org.openqa.selenium.remote.server.ServicedSession@441ffefc
19:05:37.027 INFO - Handler thread for session e18eeb286252628025cf58af819913a7 (chrome): Executing DELETE on /session/e18eeb286252628025cf58af819913a7 (handler: ServicedSession)
19:05:37.284 INFO - To downstream: {"sessionId":"e18eeb286252628025cf58af819913a7","status":0,"value":null}
19:05:37.284 INFO - Removing session org.openqa.selenium.remote.server.ServicedSession@441ffefc
19:05:37.330 INFO - To downstream: {"sessionId":"","status":0,"value":null}
